auth_ac_rec
auth_auth_auth
auth_auth_lmt
auth_chk_def
auth_code
auth_cond
auth_cond_def
auth_def
auth_flow
auth_inf
auth_item
auth_lmt_def
auth_oper_brno
auth_seqn
auth_tel_auth
auth_tel_tx_def
auth_tx_list
bitmap
bitmaptmp
card_book
card_consum_lmt
cash_book
cash_mst
cash_mst_hst
cassreg
changetab
chnl_self_trade
chnl_tradeadd
chnl_tradelimit
cif_addr_inf
cif_alias_inf
cif_basic_inf
cif_blklst_rel
cif_cif_rel
cif_cop_inf
cif_crdt_code
cif_crdt_inf
cif_crdt_use_det
cif_email_inf
cif_flok_code
cif_id_code_rel
cif_inf_chg_log
cif_lang_code
cif_lifsty_inf
cif_magn_inf
cif_mger_inf
cif_mger_rel
cif_nat_code
cif_no_com
cif_no_in
cif_no_per
cif_oth_prdt_inf
cif_per_inf
cif_post_code
cif_prdt_rel
cif_rel_chg_hst
cif_rel_des
cif_req_log
cif_tranq_stat
cif_wrk_hst_inf
city_flag
clt_id_seq
com_acc_br
com_branch
com_chrg_hst
com_chrg_rate
com_cur_no_code
com_def_chrg
com_eod_exec
com_exch_rate
com_holiday
com_item
com_item_add
com_parm
com_rate
com_rollback_ctl
com_sect_acm
com_sys_parm
com_tel
com_tel_connect
com_tx_br_rel
correl_brf
ctl_accountreg
dadary
data_dic
data_dictmp
dc_acc_rel
dc_branch
dc_entry
dc_log
dc_log_bk
dc_log_hao
dc_log_rz
dda_zyywzk
dd_mst
dd_mst_a
dd_mst_bk
dd_mst_hao
dd_mst_hst
dd_parm
dic_data
dic_name
doc_dic
fin_acct
four_tradelog
front_back_rel
gl_amt
gl_amt_nj
gl_amt_sum
gl_bal
gl_bal_nj
gl_bal_sum
gl_mst
gl_mst_hst
gl_mst_nj
gl_note
gl_note_sum
gl_oprt_dyn
gl_prdt_dyn
gl_prdt_dyn_hst
gl_rpt
gl_sub
gl_sub_826
gl_sub_nj
gl_tsub
hvstat
hv_addit
hv_brno_orno
hv_chargemx
hv_chkagehtr
hv_chkagemr
hv_chkerror
hv_chkmr
hv_chkmrdtl
hv_chkmrhis
hv_errormr
hv_fzf
hv_fzfhtr
hv_orno_brno
hv_poinfo
hv_sendlist
hv_sendlisthtr
hv_syspara
hv_uniontab
hv_zf
hv_zfhtr
impa_dep_reg
intst_hst
in_ac_seqn
in_id_seq
in_mst
in_mst_bk
in_mst_hst
in_parm
in_stok
ln_acm_reg
ln_auth
ln_eod_pri
ln_expand
ln_gage_reg
ln_lo
ln_lo_rol
ln_mst
ln_mst_bk
ln_mst_hst
ln_parm
ln_paystatus
ln_pay_pln
ln_pay_pln_rol
ln_pay_pln_tmp
ln_pay_seq
ln_pln_inf
ln_reg
ln_repair
ln_verify_reg
lv_addit
lv_c254r
lv_c552r
lv_c554r
lv_chk842_d
lv_chk842_m
lv_chk850_d
lv_chk850_m
lv_chk851_d
lv_chk851_m
lv_chk852_d
lv_chk852_m
lv_lbctl
lv_newxyh
lv_parad
lv_param
lv_pkghtr
lv_pkgreg
lv_recvlist
lv_sendlist
lv_sysctl
lv_wbctl
lv_xmh
march_info
march_mst
march_mst_hst
march_mst_mx
march_mst_mx_hst
mas_ehfe
mas_hvcd
mas_hvcs
mas_hvpt
mas_ohvc
mas_pato
mas_pbto
mas_phfe
mas_safe
mas_seqn
mbfebillaplset
mbfebillmsgreg
mbfebillopnreg
mbfebillrtureg
mbfebksttalt
mbfebrbkno
mbfeeisbank
mbfeeisbanksnd
mbfefreeinfo
mbfeghvrecvlist
mbfeghvsendjrn
mbfeghvsendlist
mbfehppaycnt
mbfeinpawnfina
mbfeinpawnmsg
mbfenetbank
mbfenetbanksnd
mbfeodoprtqryrpl
mbfeoprtcancel
mbfeoprtfeecl
mbfeoprtfeelt
mbfeoverdraftcl
mbfeoverdraftlt
mbfequerymsg
mbferecvcmtmsg
mbfereplymsg
mbfereturnapp
mbfereturnrply
mbferltxdclt
mbfesabk
mbfesabksnd
mbfesendcmtmsg
mbfeserialno
mbfe_cmt_fmt
mbfe_cmt_tag
mbfe_errcode
mbfe_hang
mbfe_sys_ctl
mdm_ac_rel
mdm_attr
mdm_prdt_rel
mdm_unprt_hst
menu
mob_acct_type
mob_acct_type_dele
mob_acct_type_hst
mob_custinfo
mob_group
mob_recvmail
mob_sendmail
mob_server_type
mort_bill
mo_ac_chg_hst
mo_again_ln
mo_bail_rate
mo_bank_acc_po
mo_bank_po
mo_bank_po_query
mo_bank_split_po
mo_cashier
mo_cheq_od
mo_chg_bal
mo_city
mo_city_query
mo_cli_log
mo_coll
mo_dc_inf
mo_def_agio
mo_def_rate
mo_dep_reg
mo_discnt
mo_fax
mo_fax_code
mo_fet_cash
mo_finance_info
mo_finance_quit
mo_hold
mo_ibl
mo_ibl_ret
mo_infrm
mo_invest
mo_jl_bal
mo_loss
mo_merge_ac
mo_opn_cls
mo_pay_again_ln
mo_pay_discnt
mo_po_co
mo_po_qry
mo_prdt_prot
mo_prot_ac_rel
mo_pun_acc
mo_put_intst
mo_righ_invest
mo_rmny_smny
mo_rpl_note
mo_sg_cash_po
mo_sg_cash_po_bill
mo_spec_intst
mo_stok_rebuy_inpb
mo_stok_rebuy_prot
mo_trust_list
mo_trust_pay
mo_trust_prot
mo_unchange
mo_xjszybb
note_cheq_hst
note_cheq_mst
note_cheq_mst_tmp
note_min_no
note_mst
note_mst_hst
note_mst_tmp
note_parm
note_tel_auth
note_type_tmp
od_bill
od_dd_rel
od_drt_def
od_mst
od_mst_hst
od_parm
od_pay_pln
oldnewacdef
paymach_mana_inf
pay_agent
pay_agent_bk
point_mst_hst
point_point_mst
point_prdt_def
point_tx_def
pos_fee_deal
pos_fee_mst
pos_fee_mst_hst
pos_mobile_pay
prdt_point_hst
prdt_point_mst
prdt_prot_parm
protect_note
remark_ctl
rpt_note_ctl
rpt_note_inf
rsp_code
seqctl
six_dz_log
subbr_deposit
subbr_deposit_hst
subbr_ln
subbr_ln_hst
sub_dd_mst
sub_dd_mst_hst
sum_tax
sysmenuitems
sysmenus
td_jycx_tmp
td_mst
td_mst_bk
td_mst_hst
td_parm
tel_control
tel_save_inf
tmp_1
tmp_7861080
tmp_acct
tmp_ck
tmp_gl_mst
tmp_gy
tmp_hold
tmp_note_parm
tmp_table
tmp_tx_def
tmp_tx_flow_def
tmp_tx_sub_def
trace_log
trace_log_bk
trace_log_rz
trace_parm
tx_dc_br_rel
tx_dc_rel
tx_def
tx_def_tmp
tx_flow_def
tx_flow_def_tmp
tx_log
tx_log_bk
tx_sub_def
tx_sub_def_tmp
tx_sub_rel
tx_sub_rel_tmp
up_dd_mst
up_dd_mst_hst
whwtsk_reg
xyy
zjgl_mst
zjgl_mst_hst

